{
  "RSpec": {
    "coverage": {
      "/home/vagner/Desktop/Vagner Zampieri/Faculdade/Faculdade 8/Projeto Final 1/umrbrazil/app/models/type_telephone.rb": [
        1,
        1,
        null,
        1
      ],
      "/home/vagner/Desktop/Vagner Zampieri/Faculdade/Faculdade 8/Projeto Final 1/umrbrazil/Gemfile": [
        1,
        null,
        1,
        null,
        1,
        1,
        1,
        1,
        1,
        1,
        1,
        null,
        1,
        null,
        1,
        1,
        1,
        null,
        null,
        null,
        1,
        1,
        null,
        null,
        null,
        null,
        null,
        null,
        null,
        null,
        null,
        null,
        null,
        null,
        null,
        null,
        null,
        1,
        null,
        1,
        null,
        1,
        null,
        1,
        1,
        1,
        null,
        1,
        1,
        1
      ],
      "/home/vagner/Desktop/Vagner Zampieri/Faculdade/Faculdade 8/Projeto Final 1/umrbrazil/config/routes.rb": [
        1,
        1,
        null,
        1,
        1,
        1,
        null,
        null,
        1
      ],
      "/home/vagner/Desktop/Vagner Zampieri/Faculdade/Faculdade 8/Projeto Final 1/umrbrazil/app/helpers/users_helper.rb": [
        1
      ],
      "/home/vagner/Desktop/Vagner Zampieri/Faculdade/Faculdade 8/Projeto Final 1/umrbrazil/app/models/company.rb": [
        1,
        1,
        1,
        null,
        1
      ],
      "/home/vagner/Desktop/Vagner Zampieri/Faculdade/Faculdade 8/Projeto Final 1/umrbrazil/config/initializers/secret_token.rb": [
        null,
        null,
        null,
        null,
        null,
        null,
        1
      ],
      "/home/vagner/Desktop/Vagner Zampieri/Faculdade/Faculdade 8/Projeto Final 1/umrbrazil/app/models/users_company.rb": [
        1,
        1,
        1
      ],
      "/home/vagner/Desktop/Vagner Zampieri/Faculdade/Faculdade 8/Projeto Final 1/umrbrazil/app/models/account.rb": [
        1,
        1,
        1,
        1,
        1
      ],
      "/home/vagner/Desktop/Vagner Zampieri/Faculdade/Faculdade 8/Projeto Final 1/umrbrazil/app/controllers/accounts_controller.rb": [
        1,
        null,
        1,
        null,
        1,
        1,
        null,
        1,
        null,
        null,
        null,
        null,
        null,
        1,
        null,
        null,
        null,
        1,
        null,
        null,
        null,
        null,
        null,
        1,
        null,
        null,
        null,
        1,
        null,
        null,
        null,
        null,
        null,
        null,
        null,
        null,
        null,
        null,
        1,
        null,
        null,
        null,
        null,
        null,
        null,
        null,
        null,
        1,
        null,
        null,
        null,
        null,
        null,
        1
      ],
      "/home/vagner/Desktop/Vagner Zampieri/Faculdade/Faculdade 8/Projeto Final 1/umrbrazil/app/models/user.rb": [
        1,
        1,
        1,
        1,
        1,
        null,
        1,
        1
      ],
      "/home/vagner/Desktop/Vagner Zampieri/Faculdade/Faculdade 8/Projeto Final 1/umrbrazil/spec/spec_helper.rb": [
        null,
        null,
        null,
        null,
        1,
        1,
        1,
        1,
        1,
        null,
        1,
        null,
        null,
        1,
        null,
        1,
        null,
        null,
        null,
        null,
        null,
        null,
        null,
        null,
        null,
        2,
        null,
        null,
        null,
        null,
        1,
        null,
        null,
        null,
        null,
        1
      ],
      "/home/vagner/Desktop/Vagner Zampieri/Faculdade/Faculdade 8/Projeto Final 1/umrbrazil/app/controllers/home_controller.rb": [
        1,
        null,
        1
      ],
      "/home/vagner/Desktop/Vagner Zampieri/Faculdade/Faculdade 8/Projeto Final 1/umrbrazil/app/helpers/companies_helper.rb": [
        1
      ],
      "/home/vagner/Desktop/Vagner Zampieri/Faculdade/Faculdade 8/Projeto Final 1/umrbrazil/config/initializers/session_store.rb": [
        null,
        null,
        1
      ],
      "/home/vagner/Desktop/Vagner Zampieri/Faculdade/Faculdade 8/Projeto Final 1/umrbrazil/app/controllers/users_controller.rb": [
        1,
        null,
        1,
        null,
        1,
        1,
        null,
        1,
        null,
        null,
        null,
        null,
        null,
        1,
        null,
        null,
        null,
        1,
        null,
        null,
        null,
        null,
        null,
        1,
        null,
        null,
        null,
        1,
        null,
        null,
        null,
        null,
        null,
        null,
        null,
        null,
        null,
        null,
        1,
        null,
        null,
        null,
        null,
        null,
        null,
        null,
        null,
        1,
        null,
        null,
        null,
        null,
        null,
        1
      ],
      "/home/vagner/Desktop/Vagner Zampieri/Faculdade/Faculdade 8/Projeto Final 1/umrbrazil/app/helpers/application_helper.rb": [
        1,
        1
      ],
      "/home/vagner/Desktop/Vagner Zampieri/Faculdade/Faculdade 8/Projeto Final 1/umrbrazil/config/environments/test.rb": [
        1,
        null,
        null,
        null,
        null,
        null,
        null,
        1,
        null,
        null,
        1,
        1,
        null,
        null,
        1,
        null,
        null,
        1,
        1,
        null,
        null,
        1,
        null,
        null,
        1,
        null,
        null,
        null,
        null,
        1,
        null,
        null,
        null,
        null,
        null,
        null,
        null,
        1
      ],
      "/home/vagner/Desktop/Vagner Zampieri/Faculdade/Faculdade 8/Projeto Final 1/umrbrazil/app/models/accounts_telephone.rb": [
        1,
        1,
        1
      ],
      "/home/vagner/Desktop/Vagner Zampieri/Faculdade/Faculdade 8/Projeto Final 1/umrbrazil/app/helpers/accounts_helper.rb": [
        1
      ],
      "/home/vagner/Desktop/Vagner Zampieri/Faculdade/Faculdade 8/Projeto Final 1/umrbrazil/config/application.rb": [
        1,
        null,
        1,
        null,
        1,
        null,
        1,
        null,
        null,
        null,
        null,
        1,
        1,
        null,
        null,
        null,
        null,
        null,
        null,
        null,
        null,
        null,
        null,
        null,
        null,
        null,
        null,
        null,
        null,
        1,
        null,
        null,
        null,
        1,
        null,
        null,
        1,
        null,
        null,
        1,
        null,
        null,
        1,
        null,
        null,
        1
      ],
      "/home/vagner/Desktop/Vagner Zampieri/Faculdade/Faculdade 8/Projeto Final 1/umrbrazil/app/models/type_user.rb": [
        1,
        1,
        null,
        1
      ],
      "/home/vagner/Desktop/Vagner Zampieri/Faculdade/Faculdade 8/Projeto Final 1/umrbrazil/spec/models/telephone_spec.rb": [
        null,
        null,
        1,
        1,
        null,
        null,
        1,
        null,
        null,
        null,
        null,
        null,
        1
      ],
      "/home/vagner/Desktop/Vagner Zampieri/Faculdade/Faculdade 8/Projeto Final 1/umrbrazil/config/initializers/wrap_parameters.rb": [
        null,
        null,
        null,
        null,
        null,
        null,
        1,
        1,
        null,
        null,
        null,
        1,
        1
      ],
      "/home/vagner/Desktop/Vagner Zampieri/Faculdade/Faculdade 8/Projeto Final 1/umrbrazil/config/environment.rb": [
        null,
        1,
        null,
        null,
        1
      ],
      "/home/vagner/Desktop/Vagner Zampieri/Faculdade/Faculdade 8/Projeto Final 1/umrbrazil/app/models/telephone.rb": [
        1,
        1,
        1,
        1,
        null,
        1,
        null,
        1,
        1,
        1
      ],
      "/home/vagner/Desktop/Vagner Zampieri/Faculdade/Faculdade 8/Projeto Final 1/umrbrazil/app/controllers/application_controller.rb": [
        1,
        1
      ],
      "/home/vagner/Desktop/Vagner Zampieri/Faculdade/Faculdade 8/Projeto Final 1/umrbrazil/app/controllers/companies_controller.rb": [
        1,
        null,
        1,
        null,
        1,
        1,
        null,
        1,
        null,
        null,
        null,
        null,
        null,
        1,
        null,
        null,
        null,
        1,
        null,
        null,
        null,
        null,
        null,
        1,
        null,
        null,
        null,
        1,
        null,
        null,
        null,
        null,
        null,
        null,
        null,
        null,
        null,
        null,
        1,
        null,
        null,
        null,
        null,
        null,
        null,
        null,
        null,
        1,
        null,
        null,
        null,
        null,
        null,
        1
      ],
      "/home/vagner/Desktop/Vagner Zampieri/Faculdade/Faculdade 8/Projeto Final 1/umrbrazil/config/boot.rb": [
        1,
        null,
        null,
        1,
        null,
        1
      ]
    },
    "timestamp": 1336960686
  }
}
